Analysis & Synthesis report for AES_Penar_Skibiak
Mon Jan 13 16:52:12 2014
Quartus II 64-Bit Version 12.1 Build 177 11/07/2012 SJ Web Edition


---------------------
; Table of Contents ;
---------------------
  1. Legal Notice
  2. Analysis & Synthesis Summary
  3. Analysis & Synthesis Settings
  4. Parallel Compilation
  5. Analysis & Synthesis Source Files Read
  6. Analysis & Synthesis Resource Usage Summary
  7. Analysis & Synthesis Resource Utilization by Entity
  8. State Machine - |Main|LCD_controller:dut|current_state
  9. Registers Removed During Synthesis
 10. Removed Registers Triggering Further Register Optimizations
 11. General Register Statistics
 12. Multiplexer Restructuring Statistics (Restructuring Performed)
 13. Port Connectivity Checks: "Round:FirstRound"
 14. Port Connectivity Checks: "LCD_controller:dut"
 15. Elapsed Time Per Partition
 16. Analysis & Synthesis Messages



----------------
; Legal Notice ;
----------------
Copyright (C) 1991-2012 Altera Corporation
Your use of Altera Corporation's design tools, logic functions 
and other software and tools, and its AMPP partner logic 
functions, and any output files from any of the foregoing 
(including device programming or simulation files), and any 
associated documentation or information are expressly subject 
to the terms and conditions of the Altera Program License 
Subscription Agreement, Altera MegaCore Function License 
Agreement, or other applicable license agreement, including, 
without limitation, that your use is for the sole purpose of 
programming logic devices manufactured by Altera and sold by 
Altera or its authorized distributors.  Please refer to the 
applicable agreement for further details.



+-------------------------------------------------------------------------------+
; Analysis & Synthesis Summary                                                  ;
+------------------------------------+------------------------------------------+
; Analysis & Synthesis Status        ; Successful - Mon Jan 13 16:52:12 2014    ;
; Quartus II 64-Bit Version          ; 12.1 Build 177 11/07/2012 SJ Web Edition ;
; Revision Name                      ; AES_Penar_Skibiak                        ;
; Top-level Entity Name              ; Main                                     ;
; Family                             ; Cyclone II                               ;
; Total logic elements               ; 0                                        ;
;     Total combinational functions  ; 0                                        ;
;     Dedicated logic registers      ; 0                                        ;
; Total registers                    ; 0                                        ;
; Total pins                         ; 13                                       ;
; Total virtual pins                 ; 0                                        ;
; Total memory bits                  ; 0                                        ;
; Embedded Multiplier 9-bit elements ; 0                                        ;
; Total PLLs                         ; 0                                        ;
+------------------------------------+------------------------------------------+


+----------------------------------------------------------------------------------------------------------------------+
; Analysis & Synthesis Settings                                                                                        ;
+----------------------------------------------------------------------------+--------------------+--------------------+
; Option                                                                     ; Setting            ; Default Value      ;
+----------------------------------------------------------------------------+--------------------+--------------------+
; Device                                                                     ; EP2C70F896C6       ;                    ;
; Top-level entity name                                                      ; Main               ; AES_Penar_Skibiak  ;
; Family name                                                                ; Cyclone II         ; Cyclone IV GX      ;
; Use smart compilation                                                      ; Off                ; Off                ;
; Enable parallel Assembler and TimeQuest Timing Analyzer during compilation ; On                 ; On                 ;
; Enable compact report table                                                ; Off                ; Off                ;
; Restructure Multiplexers                                                   ; Auto               ; Auto               ;
; Create Debugging Nodes for IP Cores                                        ; Off                ; Off                ;
; Preserve fewer node names                                                  ; On                 ; On                 ;
; Disable OpenCore Plus hardware evaluation                                  ; Off                ; Off                ;
; Verilog Version                                                            ; Verilog_2001       ; Verilog_2001       ;
; VHDL Version                                                               ; VHDL_1993          ; VHDL_1993          ;
; State Machine Processing                                                   ; Auto               ; Auto               ;
; Safe State Machine                                                         ; Off                ; Off                ;
; Extract Verilog State Machines                                             ; On                 ; On                 ;
; Extract VHDL State Machines                                                ; On                 ; On                 ;
; Ignore Verilog initial constructs                                          ; Off                ; Off                ;
; Iteration limit for constant Verilog loops                                 ; 5000               ; 5000               ;
; Iteration limit for non-constant Verilog loops                             ; 250                ; 250                ;
; Add Pass-Through Logic to Inferred RAMs                                    ; On                 ; On                 ;
; Infer RAMs from Raw Logic                                                  ; On                 ; On                 ;
; Parallel Synthesis                                                         ; On                 ; On                 ;
; DSP Block Balancing                                                        ; Auto               ; Auto               ;
; NOT Gate Push-Back                                                         ; On                 ; On                 ;
; Power-Up Don't Care                                                        ; On                 ; On                 ;
; Remove Redundant Logic Cells                                               ; Off                ; Off                ;
; Remove Duplicate Registers                                                 ; On                 ; On                 ;
; Ignore CARRY Buffers                                                       ; Off                ; Off                ;
; Ignore CASCADE Buffers                                                     ; Off                ; Off                ;
; Ignore GLOBAL Buffers                                                      ; Off                ; Off                ;
; Ignore ROW GLOBAL Buffers                                                  ; Off                ; Off                ;
; Ignore LCELL Buffers                                                       ; Off                ; Off                ;
; Ignore SOFT Buffers                                                        ; On                 ; On                 ;
; Limit AHDL Integers to 32 Bits                                             ; Off                ; Off                ;
; Optimization Technique                                                     ; Balanced           ; Balanced           ;
; Carry Chain Length                                                         ; 70                 ; 70                 ;
; Auto Carry Chains                                                          ; On                 ; On                 ;
; Auto Open-Drain Pins                                                       ; On                 ; On                 ;
; Perform WYSIWYG Primitive Resynthesis                                      ; Off                ; Off                ;
; Auto ROM Replacement                                                       ; On                 ; On                 ;
; Auto RAM Replacement                                                       ; On                 ; On                 ;
; Auto Shift Register Replacement                                            ; Auto               ; Auto               ;
; Allow Shift Register Merging across Hierarchies                            ; Auto               ; Auto               ;
; Auto Clock Enable Replacement                                              ; On                 ; On                 ;
; Strict RAM Replacement                                                     ; Off                ; Off                ;
; Allow Synchronous Control Signals                                          ; On                 ; On                 ;
; Force Use of Synchronous Clear Signals                                     ; Off                ; Off                ;
; Auto RAM to Logic Cell Conversion                                          ; Off                ; Off                ;
; Auto Resource Sharing                                                      ; Off                ; Off                ;
; Allow Any RAM Size For Recognition                                         ; Off                ; Off                ;
; Allow Any ROM Size For Recognition                                         ; Off                ; Off                ;
; Allow Any Shift Register Size For Recognition                              ; Off                ; Off                ;
; Use LogicLock Constraints during Resource Balancing                        ; On                 ; On                 ;
; Ignore translate_off and synthesis_off directives                          ; Off                ; Off                ;
; Timing-Driven Synthesis                                                    ; Off                ; Off                ;
; Report Parameter Settings                                                  ; On                 ; On                 ;
; Report Source Assignments                                                  ; On                 ; On                 ;
; Report Connectivity Checks                                                 ; On                 ; On                 ;
; Ignore Maximum Fan-Out Assignments                                         ; Off                ; Off                ;
; Synchronization Register Chain Length                                      ; 2                  ; 2                  ;
; PowerPlay Power Optimization                                               ; Normal compilation ; Normal compilation ;
; HDL message level                                                          ; Level2             ; Level2             ;
; Suppress Register Optimization Related Messages                            ; Off                ; Off                ;
; Number of Removed Registers Reported in Synthesis Report                   ; 5000               ; 5000               ;
; Number of Swept Nodes Reported in Synthesis Report                         ; 5000               ; 5000               ;
; Number of Inverted Registers Reported in Synthesis Report                  ; 100                ; 100                ;
; Clock MUX Protection                                                       ; On                 ; On                 ;
; Auto Gated Clock Conversion                                                ; Off                ; Off                ;
; Block Design Naming                                                        ; Auto               ; Auto               ;
; SDC constraint protection                                                  ; Off                ; Off                ;
; Synthesis Effort                                                           ; Auto               ; Auto               ;
; Shift Register Replacement - Allow Asynchronous Clear Signal               ; On                 ; On                 ;
; Pre-Mapping Resynthesis Optimization                                       ; Off                ; Off                ;
; Analysis & Synthesis Message Level                                         ; Medium             ; Medium             ;
; Disable Register Merging Across Hierarchies                                ; Auto               ; Auto               ;
; Resource Aware Inference For Block RAM                                     ; On                 ; On                 ;
; Synthesis Seed                                                             ; 1                  ; 1                  ;
+----------------------------------------------------------------------------+--------------------+--------------------+


+------------------------------------------+
; Parallel Compilation                     ;
+----------------------------+-------------+
; Processors                 ; Number      ;
+----------------------------+-------------+
; Number detected on machine ; 4           ;
; Maximum allowed            ; 2           ;
;                            ;             ;
; Average used               ; 1.00        ;
; Maximum used               ; 1           ;
;                            ;             ;
; Usage by Processor         ; % Time Used ;
;     1 processor            ; 100.0%      ;
;     2-4 processors         ;   0.0%      ;
+----------------------------+-------------+


+-------------------------------------------------------------------------------------------------------------------------------------------------------------+
; Analysis & Synthesis Source Files Read                                                                                                                      ;
+----------------------------------+-----------------+-----------------+----------------------------------------------------------------------------+---------+
; File Name with User-Entered Path ; Used in Netlist ; File Type       ; File Name with Absolute Path                                               ; Library ;
+----------------------------------+-----------------+-----------------+----------------------------------------------------------------------------+---------+
; Main.vhd                         ; yes             ; User VHDL File  ; C:/Users/blost/Dropbox/AES_Mikroprocesory_projekt/Main.vhd                 ;         ;
; AES_decrypt.vhd                  ; yes             ; User VHDL File  ; C:/Users/blost/Dropbox/AES_Mikroprocesory_projekt/AES_decrypt.vhd          ;         ;
; AES_encrypt.vhd                  ; yes             ; User VHDL File  ; C:/Users/blost/Dropbox/AES_Mikroprocesory_projekt/AES_encrypt.vhd          ;         ;
; AES_core.vhd                     ; yes             ; User VHDL File  ; C:/Users/blost/Dropbox/AES_Mikroprocesory_projekt/AES_core.vhd             ;         ;
; Keys.vhd                         ; yes             ; User VHDL File  ; C:/Users/blost/Dropbox/AES_Mikroprocesory_projekt/Keys.vhd                 ;         ;
; LCD_controller.vhd               ; yes             ; User VHDL File  ; C:/Users/blost/Dropbox/AES_Mikroprocesory_projekt/LCD_controller.vhd       ;         ;
; S_Box.vhd                        ; yes             ; User VHDL File  ; C:/Users/blost/Dropbox/AES_Mikroprocesory_projekt/S_Box.vhd                ;         ;
; Inv_S_Box.vhd                    ; yes             ; User VHDL File  ; C:/Users/blost/Dropbox/AES_Mikroprocesory_projekt/Inv_S_Box.vhd            ;         ;
; Shift_Rows.vhd                   ; yes             ; User VHDL File  ; C:/Users/blost/Dropbox/AES_Mikroprocesory_projekt/Shift_Rows.vhd           ;         ;
; Inverse_Shift_Rows.vhd           ; yes             ; User VHDL File  ; C:/Users/blost/Dropbox/AES_Mikroprocesory_projekt/Inverse_Shift_Rows.vhd   ;         ;
; Mix_Columns.vhd                  ; yes             ; User VHDL File  ; C:/Users/blost/Dropbox/AES_Mikroprocesory_projekt/Mix_Columns.vhd          ;         ;
; Inverse_Mix_Columns.vhd          ; yes             ; User VHDL File  ; C:/Users/blost/Dropbox/AES_Mikroprocesory_projekt/Inverse_Mix_Columns.vhd  ;         ;
; My_Functions_package.vhd         ; yes             ; User VHDL File  ; C:/Users/blost/Dropbox/AES_Mikroprocesory_projekt/My_Functions_package.vhd ;         ;
; KeySchedulerFunction.vhd         ; yes             ; User VHDL File  ; C:/Users/blost/Dropbox/AES_Mikroprocesory_projekt/KeySchedulerFunction.vhd ;         ;
; AddRoundKey.vhd                  ; yes             ; User VHDL File  ; C:/Users/blost/Dropbox/AES_Mikroprocesory_projekt/AddRoundKey.vhd          ;         ;
; mypackage.vhd                    ; yes             ; User VHDL File  ; C:/Users/blost/Dropbox/AES_Mikroprocesory_projekt/mypackage.vhd            ;         ;
; SubBytes.vhd                     ; yes             ; User VHDL File  ; C:/Users/blost/Dropbox/AES_Mikroprocesory_projekt/SubBytes.vhd             ;         ;
; Round.vhd                        ; yes             ; User VHDL File  ; C:/Users/blost/Dropbox/AES_Mikroprocesory_projekt/Round.vhd                ;         ;
+----------------------------------+-----------------+-----------------+----------------------------------------------------------------------------+---------+


+-----------------------------------------------------+
; Analysis & Synthesis Resource Usage Summary         ;
+---------------------------------------------+-------+
; Resource                                    ; Usage ;
+---------------------------------------------+-------+
;                                             ;       ;
; Total combinational functions               ; 0     ;
; Logic element usage by number of LUT inputs ;       ;
;     -- 4 input functions                    ; 0     ;
;     -- 3 input functions                    ; 0     ;
;     -- <=2 input functions                  ; 0     ;
;                                             ;       ;
; Logic elements by mode                      ;       ;
;     -- normal mode                          ; 0     ;
;     -- arithmetic mode                      ; 0     ;
;                                             ;       ;
; Total registers                             ; 0     ;
;     -- Dedicated logic registers            ; 0     ;
;     -- I/O registers                        ; 0     ;
;                                             ;       ;
; I/O pins                                    ; 13    ;
; Embedded Multiplier 9-bit elements          ; 0     ;
+---------------------------------------------+-------+


+-----------------------------------------------------------------------------------------------------------------------------------------------------------------------------+
; Analysis & Synthesis Resource Utilization by Entity                                                                                                                         ;
+----------------------------+-------------------+--------------+-------------+--------------+---------+-----------+------+--------------+---------------------+--------------+
; Compilation Hierarchy Node ; LC Combinationals ; LC Registers ; Memory Bits ; DSP Elements ; DSP 9x9 ; DSP 18x18 ; Pins ; Virtual Pins ; Full Hierarchy Name ; Library Name ;
+----------------------------+-------------------+--------------+-------------+--------------+---------+-----------+------+--------------+---------------------+--------------+
; |Main                      ; 0 (0)             ; 0 (0)        ; 0           ; 0            ; 0       ; 0         ; 13   ; 0            ; |Main               ;              ;
+----------------------------+-------------------+--------------+-------------+--------------+---------+-----------+------+--------------+---------------------+--------------+
Note: For table entries with two numbers listed, the numbers in parentheses indicate the number of resources of the given type used by the specific entity alone. The numbers listed outside of parentheses indicate the total resources of the given type used by the specific entity and all of its sub-entities in the hierarchy.


Encoding Type:  One-Hot
+---------------------------------------------------------------------------------------------------------------------------------------------------------------------------------------------------------------------------------------+
; State Machine - |Main|LCD_controller:dut|current_state                                                                                                                                                                                ;
+--------------------+--------------------+------------------+------------------+------------------+------------------+------------------+------------------+------------------+------------------+------------------+------------------+
; Name               ; current_state.IDLE ; current_state.S9 ; current_state.S8 ; current_state.S7 ; current_state.S6 ; current_state.S5 ; current_state.S4 ; current_state.S3 ; current_state.S2 ; current_state.S1 ; current_state.S0 ;
+--------------------+--------------------+------------------+------------------+------------------+------------------+------------------+------------------+------------------+------------------+------------------+------------------+
; current_state.S0   ; 0                  ; 0                ; 0                ; 0                ; 0                ; 0                ; 0                ; 0                ; 0                ; 0                ; 0                ;
; current_state.S1   ; 0                  ; 0                ; 0                ; 0                ; 0                ; 0                ; 0                ; 0                ; 0                ; 1                ; 1                ;
; current_state.S2   ; 0                  ; 0                ; 0                ; 0                ; 0                ; 0                ; 0                ; 0                ; 1                ; 0                ; 1                ;
; current_state.S3   ; 0                  ; 0                ; 0                ; 0                ; 0                ; 0                ; 0                ; 1                ; 0                ; 0                ; 1                ;
; current_state.S4   ; 0                  ; 0                ; 0                ; 0                ; 0                ; 0                ; 1                ; 0                ; 0                ; 0                ; 1                ;
; current_state.S5   ; 0                  ; 0                ; 0                ; 0                ; 0                ; 1                ; 0                ; 0                ; 0                ; 0                ; 1                ;
; current_state.S6   ; 0                  ; 0                ; 0                ; 0                ; 1                ; 0                ; 0                ; 0                ; 0                ; 0                ; 1                ;
; current_state.S7   ; 0                  ; 0                ; 0                ; 1                ; 0                ; 0                ; 0                ; 0                ; 0                ; 0                ; 1                ;
; current_state.S8   ; 0                  ; 0                ; 1                ; 0                ; 0                ; 0                ; 0                ; 0                ; 0                ; 0                ; 1                ;
; current_state.S9   ; 0                  ; 1                ; 0                ; 0                ; 0                ; 0                ; 0                ; 0                ; 0                ; 0                ; 1                ;
; current_state.IDLE ; 1                  ; 0                ; 0                ; 0                ; 0                ; 0                ; 0                ; 0                ; 0                ; 0                ; 1                ;
+--------------------+--------------------+------------------+------------------+------------------+------------------+------------------+------------------+------------------+------------------+------------------+------------------+


+--------------------------------------------------------------------------------------+
; Registers Removed During Synthesis                                                   ;
+----------------------------------------+---------------------------------------------+
; Register name                          ; Reason for Removal                          ;
+----------------------------------------+---------------------------------------------+
; LCD_controller:dut|LCD_RW              ; Stuck at GND due to stuck port data_in      ;
; LCD_controller:dut|LCD_ON              ; Stuck at VCC due to stuck port data_in      ;
; LCD_controller:dut|LCD_DATA[4..7]      ; Stuck at GND due to stuck port data_in      ;
; LCD_controller:dut|LCD_DATA[2,3]       ; Merged with LCD_controller:dut|LCD_DATA[1]  ;
; LCD_controller:dut|l1                  ; Stuck at GND due to stuck port clock_enable ;
; LCD_controller:dut|cnt[0..27]          ; Stuck at GND due to stuck port clock_enable ;
; LCD_controller:dut|l1b                 ; Lost fanout                                 ;
; LCD_controller:dut|current_state.S1    ; Stuck at GND due to stuck port clock_enable ;
; LCD_controller:dut|current_state.S3    ; Stuck at GND due to stuck port clock_enable ;
; LCD_controller:dut|LCD_RS              ; Stuck at GND due to stuck port clock_enable ;
; LCD_controller:dut|LCD_ENABLE          ; Stuck at GND due to stuck port clock_enable ;
; LCD_controller:dut|current_state.S0    ; Lost fanout                                 ;
; LCD_controller:dut|current_state.S9    ; Lost fanout                                 ;
; LCD_controller:dut|current_state.S2    ; Lost fanout                                 ;
; LCD_controller:dut|LCD_DATA[0,1]       ; Stuck at GND due to stuck port clock_enable ;
; LCD_controller:dut|current_state.S6    ; Stuck at GND due to stuck port clock_enable ;
; LCD_controller:dut|current_state.S5    ; Lost fanout                                 ;
; LCD_controller:dut|current_state.S4    ; Lost fanout                                 ;
; LCD_controller:dut|current_state.S7    ; Stuck at GND due to stuck port clock_enable ;
; LCD_controller:dut|current_state.S8    ; Lost fanout                                 ;
; LCD_controller:dut|table_index[0..5]   ; Stuck at GND due to stuck port clock_enable ;
; LCD_controller:dut|current_state.IDLE  ; Lost fanout                                 ;
; Total Number of Removed Registers = 59 ;                                             ;
+----------------------------------------+---------------------------------------------+


+--------------------------------------------------------------------------------------------------------------------------------------------------+
; Removed Registers Triggering Further Register Optimizations                                                                                      ;
+---------------------------+--------------------------------+-------------------------------------------------------------------------------------+
; Register name             ; Reason for Removal             ; Registers Removed due to This Register                                              ;
+---------------------------+--------------------------------+-------------------------------------------------------------------------------------+
; LCD_controller:dut|cnt[1] ; Stuck at GND                   ; LCD_controller:dut|cnt[5], LCD_controller:dut|cnt[7], LCD_controller:dut|cnt[8],    ;
;                           ; due to stuck port clock_enable ; LCD_controller:dut|cnt[10], LCD_controller:dut|cnt[13], LCD_controller:dut|cnt[18], ;
;                           ;                                ; LCD_controller:dut|cnt[21], LCD_controller:dut|current_state.S1,                    ;
;                           ;                                ; LCD_controller:dut|current_state.S3, LCD_controller:dut|LCD_RS,                     ;
;                           ;                                ; LCD_controller:dut|LCD_ENABLE, LCD_controller:dut|current_state.S0,                 ;
;                           ;                                ; LCD_controller:dut|current_state.S9, LCD_controller:dut|current_state.S2,           ;
;                           ;                                ; LCD_controller:dut|LCD_DATA[0], LCD_controller:dut|LCD_DATA[1],                     ;
;                           ;                                ; LCD_controller:dut|current_state.S6, LCD_controller:dut|current_state.S5,           ;
;                           ;                                ; LCD_controller:dut|current_state.S4, LCD_controller:dut|current_state.S7,           ;
;                           ;                                ; LCD_controller:dut|current_state.S8, LCD_controller:dut|table_index[5],             ;
;                           ;                                ; LCD_controller:dut|table_index[4], LCD_controller:dut|table_index[3],               ;
;                           ;                                ; LCD_controller:dut|table_index[2], LCD_controller:dut|table_index[1],               ;
;                           ;                                ; LCD_controller:dut|table_index[0], LCD_controller:dut|current_state.IDLE            ;
; LCD_controller:dut|LCD_RW ; Stuck at GND                   ; LCD_controller:dut|l1b                                                              ;
;                           ; due to stuck port data_in      ;                                                                                     ;
+---------------------------+--------------------------------+-------------------------------------------------------------------------------------+


+------------------------------------------------------+
; General Register Statistics                          ;
+----------------------------------------------+-------+
; Statistic                                    ; Value ;
+----------------------------------------------+-------+
; Total registers                              ; 0     ;
; Number of registers using Synchronous Clear  ; 0     ;
; Number of registers using Synchronous Load   ; 0     ;
; Number of registers using Asynchronous Clear ; 0     ;
; Number of registers using Asynchronous Load  ; 0     ;
; Number of registers using Clock Enable       ; 0     ;
; Number of registers using Preset             ; 0     ;
+----------------------------------------------+-------+


+---------------------------------------------------------------------------------------------------------------------------------------------------------+
; Multiplexer Restructuring Statistics (Restructuring Performed)                                                                                          ;
+--------------------+-----------+---------------+----------------------+------------------------+------------+-------------------------------------------+
; Multiplexer Inputs ; Bus Width ; Baseline Area ; Area if Restructured ; Saving if Restructured ; Registered ; Example Multiplexer Output                ;
+--------------------+-----------+---------------+----------------------+------------------------+------------+-------------------------------------------+
; 3:1                ; 2 bits    ; 4 LEs         ; 2 LEs                ; 2 LEs                  ; Yes        ; |Main|LCD_controller:dut|LCD_DATA[0]      ;
; 3:1                ; 8 bits    ; 16 LEs        ; 8 LEs                ; 8 LEs                  ; No         ; |Main|LCD_controller:dut|current_state.S1 ;
+--------------------+-----------+---------------+----------------------+------------------------+------------+-------------------------------------------+


+-------------------------------------------------------------------------------------------------------------------------------+
; Port Connectivity Checks: "Round:FirstRound"                                                                                  ;
+---------------------+--------+----------+-------------------------------------------------------------------------------------+
; Port                ; Type   ; Severity ; Details                                                                             ;
+---------------------+--------+----------+-------------------------------------------------------------------------------------+
; data_in[0]          ; Input  ; Info     ; Stuck at GND                                                                        ;
; data_in[2][7..6]    ; Input  ; Info     ; Stuck at GND                                                                        ;
; data_in[2][4..2]    ; Input  ; Info     ; Stuck at GND                                                                        ;
; data_in[2][5]       ; Input  ; Info     ; Stuck at VCC                                                                        ;
; data_in[2][1]       ; Input  ; Info     ; Stuck at VCC                                                                        ;
; data_in[2][0]       ; Input  ; Info     ; Stuck at GND                                                                        ;
; data_in[3][5..4]    ; Input  ; Info     ; Stuck at VCC                                                                        ;
; data_in[3][1..0]    ; Input  ; Info     ; Stuck at VCC                                                                        ;
; data_in[3][7..6]    ; Input  ; Info     ; Stuck at GND                                                                        ;
; data_in[3][3..2]    ; Input  ; Info     ; Stuck at GND                                                                        ;
; data_in[4][5..3]    ; Input  ; Info     ; Stuck at GND                                                                        ;
; data_in[4][1..0]    ; Input  ; Info     ; Stuck at GND                                                                        ;
; data_in[4][7]       ; Input  ; Info     ; Stuck at GND                                                                        ;
; data_in[4][6]       ; Input  ; Info     ; Stuck at VCC                                                                        ;
; data_in[4][2]       ; Input  ; Info     ; Stuck at VCC                                                                        ;
; data_in[5][7]       ; Input  ; Info     ; Stuck at GND                                                                        ;
; data_in[5][6]       ; Input  ; Info     ; Stuck at VCC                                                                        ;
; data_in[5][5]       ; Input  ; Info     ; Stuck at GND                                                                        ;
; data_in[5][4]       ; Input  ; Info     ; Stuck at VCC                                                                        ;
; data_in[5][3]       ; Input  ; Info     ; Stuck at GND                                                                        ;
; data_in[5][2]       ; Input  ; Info     ; Stuck at VCC                                                                        ;
; data_in[5][1]       ; Input  ; Info     ; Stuck at GND                                                                        ;
; data_in[5][0]       ; Input  ; Info     ; Stuck at VCC                                                                        ;
; data_in[6][6..5]    ; Input  ; Info     ; Stuck at VCC                                                                        ;
; data_in[6][2..1]    ; Input  ; Info     ; Stuck at VCC                                                                        ;
; data_in[6][4..3]    ; Input  ; Info     ; Stuck at GND                                                                        ;
; data_in[6][7]       ; Input  ; Info     ; Stuck at GND                                                                        ;
; data_in[6][0]       ; Input  ; Info     ; Stuck at GND                                                                        ;
; data_in[7][6..4]    ; Input  ; Info     ; Stuck at VCC                                                                        ;
; data_in[7][2..0]    ; Input  ; Info     ; Stuck at VCC                                                                        ;
; data_in[7][7]       ; Input  ; Info     ; Stuck at GND                                                                        ;
; data_in[7][3]       ; Input  ; Info     ; Stuck at GND                                                                        ;
; data_in[8][6..4]    ; Input  ; Info     ; Stuck at GND                                                                        ;
; data_in[8][2..0]    ; Input  ; Info     ; Stuck at GND                                                                        ;
; data_in[8][7]       ; Input  ; Info     ; Stuck at VCC                                                                        ;
; data_in[8][3]       ; Input  ; Info     ; Stuck at VCC                                                                        ;
; data_in[9][4..3]    ; Input  ; Info     ; Stuck at VCC                                                                        ;
; data_in[9][6..5]    ; Input  ; Info     ; Stuck at GND                                                                        ;
; data_in[9][2..1]    ; Input  ; Info     ; Stuck at GND                                                                        ;
; data_in[9][7]       ; Input  ; Info     ; Stuck at VCC                                                                        ;
; data_in[9][0]       ; Input  ; Info     ; Stuck at VCC                                                                        ;
; data_in[10][7]      ; Input  ; Info     ; Stuck at VCC                                                                        ;
; data_in[10][6]      ; Input  ; Info     ; Stuck at GND                                                                        ;
; data_in[10][5]      ; Input  ; Info     ; Stuck at VCC                                                                        ;
; data_in[10][4]      ; Input  ; Info     ; Stuck at GND                                                                        ;
; data_in[10][3]      ; Input  ; Info     ; Stuck at VCC                                                                        ;
; data_in[10][2]      ; Input  ; Info     ; Stuck at GND                                                                        ;
; data_in[10][1]      ; Input  ; Info     ; Stuck at VCC                                                                        ;
; data_in[10][0]      ; Input  ; Info     ; Stuck at GND                                                                        ;
; data_in[11][5..3]   ; Input  ; Info     ; Stuck at VCC                                                                        ;
; data_in[11][1..0]   ; Input  ; Info     ; Stuck at VCC                                                                        ;
; data_in[11][7]      ; Input  ; Info     ; Stuck at VCC                                                                        ;
; data_in[11][6]      ; Input  ; Info     ; Stuck at GND                                                                        ;
; data_in[11][2]      ; Input  ; Info     ; Stuck at GND                                                                        ;
; data_in[12][7..6]   ; Input  ; Info     ; Stuck at VCC                                                                        ;
; data_in[12][3..2]   ; Input  ; Info     ; Stuck at VCC                                                                        ;
; data_in[12][5..4]   ; Input  ; Info     ; Stuck at GND                                                                        ;
; data_in[12][1..0]   ; Input  ; Info     ; Stuck at GND                                                                        ;
; data_in[13][7..6]   ; Input  ; Info     ; Stuck at VCC                                                                        ;
; data_in[13][4..2]   ; Input  ; Info     ; Stuck at VCC                                                                        ;
; data_in[13][5]      ; Input  ; Info     ; Stuck at GND                                                                        ;
; data_in[13][1]      ; Input  ; Info     ; Stuck at GND                                                                        ;
; data_in[13][0]      ; Input  ; Info     ; Stuck at VCC                                                                        ;
; data_in[14][7..5]   ; Input  ; Info     ; Stuck at VCC                                                                        ;
; data_in[14][3..1]   ; Input  ; Info     ; Stuck at VCC                                                                        ;
; data_in[14][4]      ; Input  ; Info     ; Stuck at GND                                                                        ;
; data_in[14][0]      ; Input  ; Info     ; Stuck at GND                                                                        ;
; data_in[15]         ; Input  ; Info     ; Stuck at VCC                                                                        ;
; round_key[0]        ; Input  ; Info     ; Stuck at GND                                                                        ;
; round_key[2][7..6]  ; Input  ; Info     ; Stuck at GND                                                                        ;
; round_key[2][4..2]  ; Input  ; Info     ; Stuck at GND                                                                        ;
; round_key[2][5]     ; Input  ; Info     ; Stuck at VCC                                                                        ;
; round_key[2][1]     ; Input  ; Info     ; Stuck at VCC                                                                        ;
; round_key[2][0]     ; Input  ; Info     ; Stuck at GND                                                                        ;
; round_key[3][5..4]  ; Input  ; Info     ; Stuck at VCC                                                                        ;
; round_key[3][1..0]  ; Input  ; Info     ; Stuck at VCC                                                                        ;
; round_key[3][7..6]  ; Input  ; Info     ; Stuck at GND                                                                        ;
; round_key[3][3..2]  ; Input  ; Info     ; Stuck at GND                                                                        ;
; round_key[4][5..3]  ; Input  ; Info     ; Stuck at GND                                                                        ;
; round_key[4][1..0]  ; Input  ; Info     ; Stuck at GND                                                                        ;
; round_key[4][7]     ; Input  ; Info     ; Stuck at GND                                                                        ;
; round_key[4][6]     ; Input  ; Info     ; Stuck at VCC                                                                        ;
; round_key[4][2]     ; Input  ; Info     ; Stuck at VCC                                                                        ;
; round_key[5][7]     ; Input  ; Info     ; Stuck at GND                                                                        ;
; round_key[5][6]     ; Input  ; Info     ; Stuck at VCC                                                                        ;
; round_key[5][5]     ; Input  ; Info     ; Stuck at GND                                                                        ;
; round_key[5][4]     ; Input  ; Info     ; Stuck at VCC                                                                        ;
; round_key[5][3]     ; Input  ; Info     ; Stuck at GND                                                                        ;
; round_key[5][2]     ; Input  ; Info     ; Stuck at VCC                                                                        ;
; round_key[5][1]     ; Input  ; Info     ; Stuck at GND                                                                        ;
; round_key[5][0]     ; Input  ; Info     ; Stuck at VCC                                                                        ;
; round_key[6][6..5]  ; Input  ; Info     ; Stuck at VCC                                                                        ;
; round_key[6][2..1]  ; Input  ; Info     ; Stuck at VCC                                                                        ;
; round_key[6][4..3]  ; Input  ; Info     ; Stuck at GND                                                                        ;
; round_key[6][7]     ; Input  ; Info     ; Stuck at GND                                                                        ;
; round_key[6][0]     ; Input  ; Info     ; Stuck at GND                                                                        ;
; round_key[7][6..4]  ; Input  ; Info     ; Stuck at VCC                                                                        ;
; round_key[7][2..0]  ; Input  ; Info     ; Stuck at VCC                                                                        ;
; round_key[7][7]     ; Input  ; Info     ; Stuck at GND                                                                        ;
; round_key[7][3]     ; Input  ; Info     ; Stuck at GND                                                                        ;
; round_key[8][6..4]  ; Input  ; Info     ; Stuck at GND                                                                        ;
; round_key[8][2..0]  ; Input  ; Info     ; Stuck at GND                                                                        ;
; round_key[8][7]     ; Input  ; Info     ; Stuck at VCC                                                                        ;
; round_key[8][3]     ; Input  ; Info     ; Stuck at VCC                                                                        ;
; round_key[9][4..3]  ; Input  ; Info     ; Stuck at VCC                                                                        ;
; round_key[9][6..5]  ; Input  ; Info     ; Stuck at GND                                                                        ;
; round_key[9][2..1]  ; Input  ; Info     ; Stuck at GND                                                                        ;
; round_key[9][7]     ; Input  ; Info     ; Stuck at VCC                                                                        ;
; round_key[9][0]     ; Input  ; Info     ; Stuck at VCC                                                                        ;
; round_key[10][7]    ; Input  ; Info     ; Stuck at VCC                                                                        ;
; round_key[10][6]    ; Input  ; Info     ; Stuck at GND                                                                        ;
; round_key[10][5]    ; Input  ; Info     ; Stuck at VCC                                                                        ;
; round_key[10][4]    ; Input  ; Info     ; Stuck at GND                                                                        ;
; round_key[10][3]    ; Input  ; Info     ; Stuck at VCC                                                                        ;
; round_key[10][2]    ; Input  ; Info     ; Stuck at GND                                                                        ;
; round_key[10][1]    ; Input  ; Info     ; Stuck at VCC                                                                        ;
; round_key[10][0]    ; Input  ; Info     ; Stuck at GND                                                                        ;
; round_key[11][5..3] ; Input  ; Info     ; Stuck at VCC                                                                        ;
; round_key[11][1..0] ; Input  ; Info     ; Stuck at VCC                                                                        ;
; round_key[11][7]    ; Input  ; Info     ; Stuck at VCC                                                                        ;
; round_key[11][6]    ; Input  ; Info     ; Stuck at GND                                                                        ;
; round_key[11][2]    ; Input  ; Info     ; Stuck at GND                                                                        ;
; round_key[12][7..6] ; Input  ; Info     ; Stuck at VCC                                                                        ;
; round_key[12][3..2] ; Input  ; Info     ; Stuck at VCC                                                                        ;
; round_key[12][5..4] ; Input  ; Info     ; Stuck at GND                                                                        ;
; round_key[12][1..0] ; Input  ; Info     ; Stuck at GND                                                                        ;
; round_key[13][7..6] ; Input  ; Info     ; Stuck at VCC                                                                        ;
; round_key[13][4..2] ; Input  ; Info     ; Stuck at VCC                                                                        ;
; round_key[13][5]    ; Input  ; Info     ; Stuck at GND                                                                        ;
; round_key[13][1]    ; Input  ; Info     ; Stuck at GND                                                                        ;
; round_key[13][0]    ; Input  ; Info     ; Stuck at VCC                                                                        ;
; round_key[14][7..5] ; Input  ; Info     ; Stuck at VCC                                                                        ;
; round_key[14][3..1] ; Input  ; Info     ; Stuck at VCC                                                                        ;
; round_key[14][4]    ; Input  ; Info     ; Stuck at GND                                                                        ;
; round_key[14][0]    ; Input  ; Info     ; Stuck at GND                                                                        ;
; round_key[15]       ; Input  ; Info     ; Stuck at VCC                                                                        ;
; data_out            ; Output ; Info     ; Connected to dangling logic. Logic that only feeds a dangling port will be removed. ;
+---------------------+--------+----------+-------------------------------------------------------------------------------------+


+----------------------------------------------------------------------------------------------------------------------+
; Port Connectivity Checks: "LCD_controller:dut"                                                                       ;
+------------+--------+----------+-------------------------------------------------------------------------------------+
; Port       ; Type   ; Severity ; Details                                                                             ;
+------------+--------+----------+-------------------------------------------------------------------------------------+
; reset      ; Bidir  ; Warning  ; Connected to dangling logic. Logic that only feeds a dangling port will be removed. ;
; is_working ; Output ; Info     ; Connected to dangling logic. Logic that only feeds a dangling port will be removed. ;
+------------+--------+----------+-------------------------------------------------------------------------------------+


+-------------------------------+
; Elapsed Time Per Partition    ;
+----------------+--------------+
; Partition Name ; Elapsed Time ;
+----------------+--------------+
; Top            ; 00:00:01     ;
+----------------+--------------+


+-------------------------------+
; Analysis & Synthesis Messages ;
+-------------------------------+
Info: *******************************************************************
Info: Running Quartus II 64-Bit Analysis & Synthesis
    Info: Version 12.1 Build 177 11/07/2012 SJ Web Edition
    Info: Processing started: Mon Jan 13 16:52:02 2014
Info: Command: quartus_map --read_settings_files=on --write_settings_files=off AES_Penar_Skibiak -c AES_Penar_Skibiak
Info (11104): Parallel Compilation has detected 4 hyper-threaded processors. However, the extra hyper-threaded processors will not be used by default. Parallel Compilation will use 2 of the 2 physical processors detected instead.
Info (12021): Found 2 design units, including 1 entities, in source file main.vhd
    Info (12022): Found design unit 1: Main-behavior
    Info (12023): Found entity 1: Main
Info (12021): Found 2 design units, including 1 entities, in source file aes_decrypt.vhd
    Info (12022): Found design unit 1: AES_decrypt-behavior
    Info (12023): Found entity 1: AES_decrypt
Info (12021): Found 2 design units, including 1 entities, in source file aes_encrypt.vhd
    Info (12022): Found design unit 1: AES_encrypt-behavior
    Info (12023): Found entity 1: AES_encrypt
Info (12021): Found 2 design units, including 1 entities, in source file aes_core.vhd
    Info (12022): Found design unit 1: AES_core-behavior
    Info (12023): Found entity 1: AES_core
Info (12021): Found 2 design units, including 1 entities, in source file keys.vhd
    Info (12022): Found design unit 1: Keys-behavior
    Info (12023): Found entity 1: Keys
Info (12021): Found 2 design units, including 1 entities, in source file lcd_controller.vhd
    Info (12022): Found design unit 1: LCD_controller-behavior
    Info (12023): Found entity 1: LCD_controller
Info (12021): Found 2 design units, including 0 entities, in source file s_box.vhd
    Info (12022): Found design unit 1: S_Box
    Info (12022): Found design unit 2: S_Box-body
Info (12021): Found 2 design units, including 0 entities, in source file inv_s_box.vhd
    Info (12022): Found design unit 1: Inv_S_Box
    Info (12022): Found design unit 2: Inv_S_Box-body
Info (12021): Found 2 design units, including 1 entities, in source file shift_rows.vhd
    Info (12022): Found design unit 1: Shift_Rows-behavior
    Info (12023): Found entity 1: Shift_Rows
Info (12021): Found 2 design units, including 1 entities, in source file inverse_shift_rows.vhd
    Info (12022): Found design unit 1: Inverse_Shift_Rows-behavior
    Info (12023): Found entity 1: Inverse_Shift_Rows
Info (12021): Found 2 design units, including 1 entities, in source file mix_columns.vhd
    Info (12022): Found design unit 1: Mix_Columns-behavior
    Info (12023): Found entity 1: Mix_Columns
Info (12021): Found 2 design units, including 1 entities, in source file inverse_mix_columns.vhd
    Info (12022): Found design unit 1: Inverse_Mix_Columns-behavior
    Info (12023): Found entity 1: Inverse_Mix_Columns
Info (12021): Found 2 design units, including 0 entities, in source file my_functions_package.vhd
    Info (12022): Found design unit 1: My_Functions_package
    Info (12022): Found design unit 2: My_Functions_package-body
Info (12021): Found 2 design units, including 0 entities, in source file keyschedulerfunction.vhd
    Info (12022): Found design unit 1: KeySchedulerFunction
    Info (12022): Found design unit 2: KeySchedulerFunction-body
Info (12021): Found 2 design units, including 1 entities, in source file addroundkey.vhd
    Info (12022): Found design unit 1: AddRoundKey-behavior
    Info (12023): Found entity 1: AddRoundKey
Info (12021): Found 2 design units, including 0 entities, in source file mypackage.vhd
    Info (12022): Found design unit 1: mypackage
    Info (12022): Found design unit 2: mypackage-body
Info (12021): Found 2 design units, including 1 entities, in source file subbytes.vhd
    Info (12022): Found design unit 1: SubBytes-behavior
    Info (12023): Found entity 1: SubBytes
Info (12021): Found 2 design units, including 1 entities, in source file round.vhd
    Info (12022): Found design unit 1: Round-behavior
    Info (12023): Found entity 1: Round
Info (12127): Elaborating entity "Main" for the top level hierarchy
Warning (10541): VHDL Signal Declaration warning at Main.vhd(28): used implicit default value for signal "char_table" because signal was never assigned a value or an explicit default value. Use of implicit default value may introduce unintended design optimizations.
Warning (10036): Verilog HDL or VHDL warning at Main.vhd(30): object "is_working" assigned a value but never read
Warning (10540): VHDL Signal Declaration warning at Main.vhd(65): used explicit default value for signal "initialKey" because signal was never assigned a value
Warning (10036): Verilog HDL or VHDL warning at Main.vhd(81): object "NEXT_STATE" assigned a value but never read
Info (12128): Elaborating entity "LCD_controller" for hierarchy "LCD_controller:dut"
Info (12128): Elaborating entity "Round" for hierarchy "Round:FirstRound"
Info (12128): Elaborating entity "AddRoundKey" for hierarchy "Round:FirstRound|AddRoundKey:AddRoundKey_S"
Info (12128): Elaborating entity "SubBytes" for hierarchy "Round:FirstRound|SubBytes:SubBytes_S"
Info (12128): Elaborating entity "Shift_Rows" for hierarchy "Round:FirstRound|Shift_Rows:Shift_Rows_S"
Info (12128): Elaborating entity "Mix_Columns" for hierarchy "Round:FirstRound|Mix_Columns:Mix_Columns_S"
Warning (12161): Node "LCD_controller:dut|RESET" is stuck at GND because node is in wire loop and does not have a source
Warning (12241): 1 hierarchies have connectivity warnings - see the Connectivity Checks report folder
Warning (13024): Output pins are stuck at VCC or GND
    Warning (13410): Pin "lcd_rw" is stuck at GND
    Warning (13410): Pin "lcd_rs" is stuck at GND
    Warning (13410): Pin "lcd_enable" is stuck at GND
    Warning (13410): Pin "lcd_on" is stuck at VCC
    Warning (13410): Pin "lcd_data[0]" is stuck at GND
    Warning (13410): Pin "lcd_data[1]" is stuck at GND
    Warning (13410): Pin "lcd_data[2]" is stuck at GND
    Warning (13410): Pin "lcd_data[3]" is stuck at GND
    Warning (13410): Pin "lcd_data[4]" is stuck at GND
    Warning (13410): Pin "lcd_data[5]" is stuck at GND
    Warning (13410): Pin "lcd_data[6]" is stuck at GND
    Warning (13410): Pin "lcd_data[7]" is stuck at GND
Info (17049): 8 registers lost all their fanouts during netlist optimizations.
Info (16010): Generating hard_block partition "hard_block:auto_generated_inst"
    Info (16011): Adding 0 node(s), including 0 DDIO, 0 PLL, 0 transceiver and 0 LCELL
Warning (21074): Design contains 1 input pin(s) that do not drive logic
    Warning (15610): No output dependent on input pin "CLK"
Info (21057): Implemented 13 device resources after synthesis - the final resource count might be different
    Info (21058): Implemented 1 input pins
    Info (21059): Implemented 12 output pins
Info: Quartus II 64-Bit Analysis & Synthesis was successful. 0 errors, 21 warnings
    Info: Peak virtual memory: 501 megabytes
    Info: Processing ended: Mon Jan 13 16:52:12 2014
    Info: Elapsed time: 00:00:10
    Info: Total CPU time (on all processors): 00:00:09


