Flow report for AES_Penar_Skibiak
Fri Jan 10 18:29:34 2014
Quartus II 32-bit Version 12.1 Build 177 11/07/2012 SJ Web Edition


---------------------
; Table of Contents ;
---------------------
  1. Legal Notice
  2. Flow Summary
  3. Flow Settings
  4. Flow Non-Default Global Settings
  5. Flow Elapsed Time
  6. Flow OS Summary
  7. Flow Log



----------------
; Legal Notice ;
----------------
Copyright (C) 1991-2012 Altera Corporation
Your use of Altera Corporation's design tools, logic functions 
and other software and tools, and its AMPP partner logic 
functions, and any output files from any of the foregoing 
(including device programming or simulation files), and any 
associated documentation or information are expressly subject 
to the terms and conditions of the Altera Program License 
Subscription Agreement, Altera MegaCore Function License 
Agreement, or other applicable license agreement, including, 
without limitation, that your use is for the sole purpose of 
programming logic devices manufactured by Altera and sold by 
Altera or its authorized distributors.  Please refer to the 
applicable agreement for further details.



+-------------------------------------------------------------------------------+
; Flow Summary                                                                  ;
+------------------------------------+------------------------------------------+
; Flow Status                        ; Successful - Fri Jan 10 18:29:26 2014    ;
; Quartus II 32-bit Version          ; 12.1 Build 177 11/07/2012 SJ Web Edition ;
; Revision Name                      ; AES_Penar_Skibiak                        ;
; Top-level Entity Name              ; Main                                     ;
; Family                             ; Cyclone II                               ;
; Device                             ; EP2C70F896C6                             ;
; Timing Models                      ; Final                                    ;
; Total logic elements               ; 151 / 68,416 ( < 1 % )                   ;
;     Total combinational functions  ; 150 / 68,416 ( < 1 % )                   ;
;     Dedicated logic registers      ; 41 / 68,416 ( < 1 % )                    ;
; Total registers                    ; 41                                       ;
; Total pins                         ; 12 / 622 ( 2 % )                         ;
; Total virtual pins                 ; 0                                        ;
; Total memory bits                  ; 0 / 1,152,000 ( 0 % )                    ;
; Embedded Multiplier 9-bit elements ; 0 / 300 ( 0 % )                          ;
; Total PLLs                         ; 0 / 4 ( 0 % )                            ;
+------------------------------------+------------------------------------------+


+-----------------------------------------+
; Flow Settings                           ;
+-------------------+---------------------+
; Option            ; Setting             ;
+-------------------+---------------------+
; Start date & time ; 01/10/2014 18:28:19 ;
; Main task         ; Compilation         ;
; Revision Name     ; AES_Penar_Skibiak   ;
+-------------------+---------------------+


+----------------------------------------------------------------------------------------------------------------------------+
; Flow Non-Default Global Settings                                                                                           ;
+-------------------------------------+---------------------------------------+-------------------+-------------+------------+
; Assignment Name                     ; Value                                 ; Default Value     ; Entity Name ; Section Id ;
+-------------------------------------+---------------------------------------+-------------------+-------------+------------+
; COMPILER_SIGNATURE_ID               ; 138742084992606.138937489808812       ; --                ; --          ; --         ;
; MAX_CORE_JUNCTION_TEMP              ; 85                                    ; --                ; --          ; --         ;
; MIN_CORE_JUNCTION_TEMP              ; 0                                     ; --                ; --          ; --         ;
; PARTITION_COLOR                     ; 16764057                              ; --                ; Main        ; Top        ;
; PARTITION_FITTER_PRESERVATION_LEVEL ; PLACEMENT_AND_ROUTING                 ; --                ; Main        ; Top        ;
; PARTITION_NETLIST_TYPE              ; SOURCE                                ; --                ; Main        ; Top        ;
; POWER_BOARD_THERMAL_MODEL           ; None (CONSERVATIVE)                   ; --                ; --          ; --         ;
; POWER_PRESET_COOLING_SOLUTION       ; 23 MM HEAT SINK WITH 200 LFPM AIRFLOW ; --                ; --          ; --         ;
; PROJECT_OUTPUT_DIRECTORY            ; output_files                          ; --                ; --          ; --         ;
; TOP_LEVEL_ENTITY                    ; Main                                  ; AES_Penar_Skibiak ; --          ; --         ;
+-------------------------------------+---------------------------------------+-------------------+-------------+------------+


+-------------------------------------------------------------------------------------------------------------------------------+
; Flow Elapsed Time                                                                                                             ;
+---------------------------+--------------+-------------------------+---------------------+------------------------------------+
; Module Name               ; Elapsed Time ; Average Processors Used ; Peak Virtual Memory ; Total CPU Time (on all processors) ;
+---------------------------+--------------+-------------------------+---------------------+------------------------------------+
; Analysis & Synthesis      ; 00:00:08     ; 1.0                     ; 374 MB              ; 00:00:08                           ;
; Fitter                    ; 00:00:40     ; 1.6                     ; 575 MB              ; 00:00:51                           ;
; Assembler                 ; 00:00:15     ; 1.0                     ; 362 MB              ; 00:00:14                           ;
; TimeQuest Timing Analyzer ; 00:00:07     ; 1.0                     ; 374 MB              ; 00:00:06                           ;
; Total                     ; 00:01:10     ; --                      ; --                  ; 00:01:19                           ;
+---------------------------+--------------+-------------------------+---------------------+------------------------------------+


+----------------------------------------------------------------------------------------+
; Flow OS Summary                                                                        ;
+---------------------------+------------------+-----------+------------+----------------+
; Module Name               ; Machine Hostname ; OS Name   ; OS Version ; Processor type ;
+---------------------------+------------------+-----------+------------+----------------+
; Analysis & Synthesis      ; blost-Komputer   ; Windows 7 ; 6.1        ; x86_64         ;
; Fitter                    ; blost-Komputer   ; Windows 7 ; 6.1        ; x86_64         ;
; Assembler                 ; blost-Komputer   ; Windows 7 ; 6.1        ; x86_64         ;
; TimeQuest Timing Analyzer ; blost-Komputer   ; Windows 7 ; 6.1        ; x86_64         ;
+---------------------------+------------------+-----------+------------+----------------+


------------
; Flow Log ;
------------
quartus_map --read_settings_files=on --write_settings_files=off AES_Penar_Skibiak -c AES_Penar_Skibiak
quartus_fit --read_settings_files=off --write_settings_files=off AES_Penar_Skibiak -c AES_Penar_Skibiak
quartus_asm --read_settings_files=off --write_settings_files=off AES_Penar_Skibiak -c AES_Penar_Skibiak
quartus_sta AES_Penar_Skibiak -c AES_Penar_Skibiak



